Determining if the CL_VERSION_2_2 exist failed with the following output:
Change Dir: /home/kannadan/CLionProjects/multipro/CMakeFiles/CMakeTmp

Run Build Command:"/usr/bin/make" "cmTC_ecf98/fast"
/usr/bin/make -f CMakeFiles/cmTC_ecf98.dir/build.make CMakeFiles/cmTC_ecf98.dir/build
make[1]: Entering directory '/home/kannadan/CLionProjects/multipro/CMakeFiles/CMakeTmp'
Building C object CMakeFiles/cmTC_ecf98.dir/CheckSymbolExists.c.o
/usr/bin/cc   -fopenmp    -o CMakeFiles/cmTC_ecf98.dir/CheckSymbolExists.c.o   -c /home/kannadan/CLionProjects/multipro/CMakeFiles/CMakeTmp/CheckSymbolExists.c
/home/kannadan/CLionProjects/multipro/CMakeFiles/CMakeTmp/CheckSymbolExists.c:2:47: fatal error: OpenCL_INCLUDE_DIR-NOTFOUND/CL/cl.h: Tiedostoa tai hakemistoa ei ole
compilation terminated.
CMakeFiles/cmTC_ecf98.dir/build.make:65: recipe for target 'CMakeFiles/cmTC_ecf98.dir/CheckSymbolExists.c.o' failed
make[1]: *** [CMakeFiles/cmTC_ecf98.dir/CheckSymbolExists.c.o] Error 1
make[1]: Leaving directory '/home/kannadan/CLionProjects/multipro/CMakeFiles/CMakeTmp'
Makefile:121: recipe for target 'cmTC_ecf98/fast' failed
make: *** [cmTC_ecf98/fast] Error 2

File /home/kannadan/CLionProjects/multipro/CMakeFiles/CMakeTmp/CheckSymbolExists.c:
/* */
#include <OpenCL_INCLUDE_DIR-NOTFOUND/CL/cl.h>

int main(int argc, char** argv)
{
  (void)argv;
#ifndef CL_VERSION_2_2
  return ((int*)(&CL_VERSION_2_2))[argc];
#else
  (void)argc;
  return 0;
#endif
}

Determining if the CL_VERSION_2_1 exist failed with the following output:
Change Dir: /home/kannadan/CLionProjects/multipro/CMakeFiles/CMakeTmp

Run Build Command:"/usr/bin/make" "cmTC_0d4a9/fast"
/usr/bin/make -f CMakeFiles/cmTC_0d4a9.dir/build.make CMakeFiles/cmTC_0d4a9.dir/build
make[1]: Entering directory '/home/kannadan/CLionProjects/multipro/CMakeFiles/CMakeTmp'
Building C object CMakeFiles/cmTC_0d4a9.dir/CheckSymbolExists.c.o
/usr/bin/cc   -fopenmp    -o CMakeFiles/cmTC_0d4a9.dir/CheckSymbolExists.c.o   -c /home/kannadan/CLionProjects/multipro/CMakeFiles/CMakeTmp/CheckSymbolExists.c
/home/kannadan/CLionProjects/multipro/CMakeFiles/CMakeTmp/CheckSymbolExists.c:2:47: fatal error: OpenCL_INCLUDE_DIR-NOTFOUND/CL/cl.h: Tiedostoa tai hakemistoa ei ole
compilation terminated.
CMakeFiles/cmTC_0d4a9.dir/build.make:65: recipe for target 'CMakeFiles/cmTC_0d4a9.dir/CheckSymbolExists.c.o' failed
make[1]: *** [CMakeFiles/cmTC_0d4a9.dir/CheckSymbolExists.c.o] Error 1
make[1]: Leaving directory '/home/kannadan/CLionProjects/multipro/CMakeFiles/CMakeTmp'
Makefile:121: recipe for target 'cmTC_0d4a9/fast' failed
make: *** [cmTC_0d4a9/fast] Error 2

File /home/kannadan/CLionProjects/multipro/CMakeFiles/CMakeTmp/CheckSymbolExists.c:
/* */
#include <OpenCL_INCLUDE_DIR-NOTFOUND/CL/cl.h>

int main(int argc, char** argv)
{
  (void)argv;
#ifndef CL_VERSION_2_1
  return ((int*)(&CL_VERSION_2_1))[argc];
#else
  (void)argc;
  return 0;
#endif
}

Determining if the CL_VERSION_2_0 exist failed with the following output:
Change Dir: /home/kannadan/CLionProjects/multipro/CMakeFiles/CMakeTmp

Run Build Command:"/usr/bin/make" "cmTC_a08a6/fast"
/usr/bin/make -f CMakeFiles/cmTC_a08a6.dir/build.make CMakeFiles/cmTC_a08a6.dir/build
make[1]: Entering directory '/home/kannadan/CLionProjects/multipro/CMakeFiles/CMakeTmp'
Building C object CMakeFiles/cmTC_a08a6.dir/CheckSymbolExists.c.o
/usr/bin/cc   -fopenmp    -o CMakeFiles/cmTC_a08a6.dir/CheckSymbolExists.c.o   -c /home/kannadan/CLionProjects/multipro/CMakeFiles/CMakeTmp/CheckSymbolExists.c
/home/kannadan/CLionProjects/multipro/CMakeFiles/CMakeTmp/CheckSymbolExists.c:2:47: fatal error: OpenCL_INCLUDE_DIR-NOTFOUND/CL/cl.h: Tiedostoa tai hakemistoa ei ole
compilation terminated.
CMakeFiles/cmTC_a08a6.dir/build.make:65: recipe for target 'CMakeFiles/cmTC_a08a6.dir/CheckSymbolExists.c.o' failed
make[1]: *** [CMakeFiles/cmTC_a08a6.dir/CheckSymbolExists.c.o] Error 1
make[1]: Leaving directory '/home/kannadan/CLionProjects/multipro/CMakeFiles/CMakeTmp'
Makefile:121: recipe for target 'cmTC_a08a6/fast' failed
make: *** [cmTC_a08a6/fast] Error 2

File /home/kannadan/CLionProjects/multipro/CMakeFiles/CMakeTmp/CheckSymbolExists.c:
/* */
#include <OpenCL_INCLUDE_DIR-NOTFOUND/CL/cl.h>

int main(int argc, char** argv)
{
  (void)argv;
#ifndef CL_VERSION_2_0
  return ((int*)(&CL_VERSION_2_0))[argc];
#else
  (void)argc;
  return 0;
#endif
}

Determining if the CL_VERSION_1_2 exist failed with the following output:
Change Dir: /home/kannadan/CLionProjects/multipro/CMakeFiles/CMakeTmp

Run Build Command:"/usr/bin/make" "cmTC_33855/fast"
/usr/bin/make -f CMakeFiles/cmTC_33855.dir/build.make CMakeFiles/cmTC_33855.dir/build
make[1]: Entering directory '/home/kannadan/CLionProjects/multipro/CMakeFiles/CMakeTmp'
Building C object CMakeFiles/cmTC_33855.dir/CheckSymbolExists.c.o
/usr/bin/cc   -fopenmp    -o CMakeFiles/cmTC_33855.dir/CheckSymbolExists.c.o   -c /home/kannadan/CLionProjects/multipro/CMakeFiles/CMakeTmp/CheckSymbolExists.c
/home/kannadan/CLionProjects/multipro/CMakeFiles/CMakeTmp/CheckSymbolExists.c:2:47: fatal error: OpenCL_INCLUDE_DIR-NOTFOUND/CL/cl.h: Tiedostoa tai hakemistoa ei ole
compilation terminated.
CMakeFiles/cmTC_33855.dir/build.make:65: recipe for target 'CMakeFiles/cmTC_33855.dir/CheckSymbolExists.c.o' failed
make[1]: *** [CMakeFiles/cmTC_33855.dir/CheckSymbolExists.c.o] Error 1
make[1]: Leaving directory '/home/kannadan/CLionProjects/multipro/CMakeFiles/CMakeTmp'
Makefile:121: recipe for target 'cmTC_33855/fast' failed
make: *** [cmTC_33855/fast] Error 2

File /home/kannadan/CLionProjects/multipro/CMakeFiles/CMakeTmp/CheckSymbolExists.c:
/* */
#include <OpenCL_INCLUDE_DIR-NOTFOUND/CL/cl.h>

int main(int argc, char** argv)
{
  (void)argv;
#ifndef CL_VERSION_1_2
  return ((int*)(&CL_VERSION_1_2))[argc];
#else
  (void)argc;
  return 0;
#endif
}

Determining if the CL_VERSION_1_1 exist failed with the following output:
Change Dir: /home/kannadan/CLionProjects/multipro/CMakeFiles/CMakeTmp

Run Build Command:"/usr/bin/make" "cmTC_161f7/fast"
/usr/bin/make -f CMakeFiles/cmTC_161f7.dir/build.make CMakeFiles/cmTC_161f7.dir/build
make[1]: Entering directory '/home/kannadan/CLionProjects/multipro/CMakeFiles/CMakeTmp'
Building C object CMakeFiles/cmTC_161f7.dir/CheckSymbolExists.c.o
/usr/bin/cc   -fopenmp    -o CMakeFiles/cmTC_161f7.dir/CheckSymbolExists.c.o   -c /home/kannadan/CLionProjects/multipro/CMakeFiles/CMakeTmp/CheckSymbolExists.c
/home/kannadan/CLionProjects/multipro/CMakeFiles/CMakeTmp/CheckSymbolExists.c:2:47: fatal error: OpenCL_INCLUDE_DIR-NOTFOUND/CL/cl.h: Tiedostoa tai hakemistoa ei ole
compilation terminated.
CMakeFiles/cmTC_161f7.dir/build.make:65: recipe for target 'CMakeFiles/cmTC_161f7.dir/CheckSymbolExists.c.o' failed
make[1]: *** [CMakeFiles/cmTC_161f7.dir/CheckSymbolExists.c.o] Error 1
make[1]: Leaving directory '/home/kannadan/CLionProjects/multipro/CMakeFiles/CMakeTmp'
Makefile:121: recipe for target 'cmTC_161f7/fast' failed
make: *** [cmTC_161f7/fast] Error 2

File /home/kannadan/CLionProjects/multipro/CMakeFiles/CMakeTmp/CheckSymbolExists.c:
/* */
#include <OpenCL_INCLUDE_DIR-NOTFOUND/CL/cl.h>

int main(int argc, char** argv)
{
  (void)argv;
#ifndef CL_VERSION_1_1
  return ((int*)(&CL_VERSION_1_1))[argc];
#else
  (void)argc;
  return 0;
#endif
}

Determining if the CL_VERSION_1_0 exist failed with the following output:
Change Dir: /home/kannadan/CLionProjects/multipro/CMakeFiles/CMakeTmp

Run Build Command:"/usr/bin/make" "cmTC_0a8ee/fast"
/usr/bin/make -f CMakeFiles/cmTC_0a8ee.dir/build.make CMakeFiles/cmTC_0a8ee.dir/build
make[1]: Entering directory '/home/kannadan/CLionProjects/multipro/CMakeFiles/CMakeTmp'
Building C object CMakeFiles/cmTC_0a8ee.dir/CheckSymbolExists.c.o
/usr/bin/cc   -fopenmp    -o CMakeFiles/cmTC_0a8ee.dir/CheckSymbolExists.c.o   -c /home/kannadan/CLionProjects/multipro/CMakeFiles/CMakeTmp/CheckSymbolExists.c
/home/kannadan/CLionProjects/multipro/CMakeFiles/CMakeTmp/CheckSymbolExists.c:2:47: fatal error: OpenCL_INCLUDE_DIR-NOTFOUND/CL/cl.h: Tiedostoa tai hakemistoa ei ole
compilation terminated.
CMakeFiles/cmTC_0a8ee.dir/build.make:65: recipe for target 'CMakeFiles/cmTC_0a8ee.dir/CheckSymbolExists.c.o' failed
make[1]: *** [CMakeFiles/cmTC_0a8ee.dir/CheckSymbolExists.c.o] Error 1
make[1]: Leaving directory '/home/kannadan/CLionProjects/multipro/CMakeFiles/CMakeTmp'
Makefile:121: recipe for target 'cmTC_0a8ee/fast' failed
make: *** [cmTC_0a8ee/fast] Error 2

File /home/kannadan/CLionProjects/multipro/CMakeFiles/CMakeTmp/CheckSymbolExists.c:
/* */
#include <OpenCL_INCLUDE_DIR-NOTFOUND/CL/cl.h>

int main(int argc, char** argv)
{
  (void)argv;
#ifndef CL_VERSION_1_0
  return ((int*)(&CL_VERSION_1_0))[argc];
#else
  (void)argc;
  return 0;
#endif
}

